# JRE version: OpenJDK Runtime Environment (21.0.2+13) (build 21.0.2+13-58)
# Java VM: OpenJDK 64-Bit Server VM (21.0.2+13-58, mixed mode, sharing, tiered, compressed oops, compressed class ptrs, g1 gc, windows-amd64)
GC Precious Log:
 CardTable entry size: 512
 Card Set container configuration: InlinePtr #cards 4 size 8 Array Of Cards #cards 32 size 80 Howl #buckets 8 coarsen threshold 7372 Howl Bitmap #cards 1024 size 144 coarsen threshold 921 Card regions per heap region 1 cards per card region 8192
 CPUs: 8 total, 8 available
 Memory: 32448M
 Large Page Support: Disabled
 NUMA Support: Disabled
 Compressed Oops: Enabled (Zero based)
 Heap Region Size: 4M
 Heap Min Capacity: 8M
 Heap Initial Capacity: 508M
 Heap Max Capacity: 8116M
 Pre-touch: Disabled
 Parallel Workers: 8
 Concurrent Workers: 2
 Concurrent Refinement Workers: 8
 Periodic GC: Disabled
Heap:
 garbage-first heap   total 520192K, used 28343K [0x0000000604c00000, 0x0000000800000000)
  region size 4096K, 5 young (20480K), 1 survivors (4096K)
 Metaspace       used 20054K, committed 20352K, reserved 1114112K
  class space    used 2019K, committed 2176K, reserved 1048576K
GC Heap History (6 events):
Event: 0.592 GC heap before
{Heap before GC invocations=0 (full 0):
 garbage-first heap   total 520192K, used 24576K [0x0000000604c00000, 0x0000000800000000)
  region size 4096K, 6 young (24576K), 0 survivors (0K)
 Metaspace       used 10397K, committed 10688K, reserved 1114112K
  class space    used 1136K, committed 1280K, reserved 1048576K
}
Event: 0.595 GC heap after
{Heap after GC invocations=1 (full 0):
 garbage-first heap   total 520192K, used 4819K [0x0000000604c00000, 0x0000000800000000)
  region size 4096K, 1 young (4096K), 1 survivors (4096K)
 Metaspace       used 10397K, committed 10688K, reserved 1114112K
  class space    used 1136K, committed 1280K, reserved 1048576K
}
Event: 19.091 GC heap before
{Heap before GC invocations=1 (full 0):
 garbage-first heap   total 520192K, used 33491K [0x0000000604c00000, 0x0000000800000000)
  region size 4096K, 7 young (28672K), 1 survivors (4096K)
 Metaspace       used 19631K, committed 19904K, reserved 1114112K
  class space    used 2016K, committed 2176K, reserved 1048576K
}
Event: 19.096 GC heap after
{Heap after GC invocations=2 (full 0):
 garbage-first heap   total 520192K, used 16402K [0x0000000604c00000, 0x0000000800000000)
  region size 4096K, 1 young (4096K), 1 survivors (4096K)
 Metaspace       used 19631K, committed 19904K, reserved 1114112K
  class space    used 2016K, committed 2176K, reserved 1048576K
}
Event: 57.724 GC heap before
{Heap before GC invocations=2 (full 0):
 garbage-first heap   total 520192K, used 65554K [0x0000000604c00000, 0x0000000800000000)
  region size 4096K, 13 young (53248K), 1 survivors (4096K)
 Metaspace       used 20010K, committed 20288K, reserved 1114112K
  class space    used 2018K, committed 2176K, reserved 1048576K
}
Event: 57.727 GC heap after
{Heap after GC invocations=3 (full 0):
 garbage-first heap   total 520192K, used 16055K [0x0000000604c00000, 0x0000000800000000)
  region size 4096K, 1 young (4096K), 1 survivors (4096K)
 Metaspace       used 20010K, committed 20288K, reserved 1114112K
  class space    used 2018K, committed 2176K, reserved 1048576K
}

